%!Adobe-FontList 1.19
%Locale:0x409

%BeginFont
Handler:DirectoryHandler
FontType:Type1
FontName:MarkPro-Black
FamilyName:Mark Pro
StyleName:Black
MenuName:MarkPro-Black
StyleBits:0
WeightClass:900
WidthClass:5
AngleClass:0
FullName:MarkPro-Black
WritingScript:Roman
OutlineFileName:\FontFont_FF.Mark.Pro.Black.otf
DataFormat:sfntData
UsesStandardEncoding:yes
isCFF:yes
hasSVG:no
VariableFontType:NonVariableFont
FileLength:164300
FileModTime:1377675836
NameArray:0,Mac,4,MarkPro-Black
NameArray:0,Win,1,MarkPro-Black
NameArray:0,Win,16,Mark Pro
%EndFont

